<?xml version="1.0" encoding="UTF-8"?>
<!-- Generated by org.testng.reporters.JUnitXMLReporter -->
<testsuite ignored="2" hostname="Robin" failures="0" tests="2" name="Test" time="16.421" errors="0" timestamp="14 Mar 2022 11:52:08 GMT">
  <testcase classname="TestCases.TS_01_OrangeHRM_Login_Random_Credential" name="TS_01_OrangeHRM_Login_Invalid_Credential" time="6.028"/>
  <testcase classname="TestCases.TS_02_OrangeHRM_Login_Credential_From_UI" name="TS_02_OrangeHRM_Login_FromTestScreen" time="9.026"/>
  <testcase classname="Libraries.SetUp" name="@BeforeTest startReprt" time="0.0">
    <ignored/>
  </testcase> <!-- @BeforeTest startReprt -->
  <testcase classname="Libraries.SetUp" name="@AfterSuite fn_Suit" time="0.0">
    <ignored/>
  </testcase> <!-- @AfterSuite fn_Suit -->
</testsuite> <!-- Test -->
