<?xml version="1.0" encoding="UTF-8"?>
<testng-results ignored="2" total="4" passed="2" failed="0" skipped="0">
  <reporter-output>
  </reporter-output>
  <suite started-at="2022-03-14T11:51:51Z" name="Suite" finished-at="2022-03-14T11:52:08Z" duration-ms="16421">
    <groups>
    </groups>
    <test started-at="2022-03-14T11:51:51Z" name="Test" finished-at="2022-03-14T11:52:08Z" duration-ms="16421">
      <class name="TestCases.TS_02_OrangeHRM_Login_Credential_From_UI">
        <test-method is-config="true" signature="f1()[pri:0, instance:TestCases.TS_02_OrangeHRM_Login_Credential_From_UI@4ddbbdf8]" started-at="2022-03-14T11:51:59Z" name="f1" finished-at="2022-03-14T11:51:59Z" duration-ms="1" status="PASS">
          <reporter-output>
          </reporter-output>
        </test-method> <!-- f1 -->
        <test-method signature="TS_02_OrangeHRM_Login_FromTestScreen(java.util.Map)[pri:0, instance:TestCases.TS_02_OrangeHRM_Login_Credential_From_UI@4ddbbdf8]" started-at="2022-03-14T11:51:59Z" name="TS_02_OrangeHRM_Login_FromTestScreen" data-provider="getData" finished-at="2022-03-14T11:52:08Z" duration-ms="9026" status="PASS">
          <params>
            <param index="0">
              <value>
                <![CDATA[{Add=three, password=Password03, FirstName=three, LastName=three, MidName =three, TestCaseName=TS_02_OrangeHRM_Login_FromTestScreen, ErrorMessage=Invalid credentials, userid=AML User, Add2=three}]]>
              </value>
            </param>
          </params>
          <reporter-output>
          </reporter-output>
        </test-method> <!-- TS_02_OrangeHRM_Login_FromTestScreen -->
        <test-method is-config="true" signature="method(java.lang.reflect.Method)[pri:0, instance:TestCases.TS_02_OrangeHRM_Login_Credential_From_UI@4ddbbdf8]" started-at="2022-03-14T11:51:59Z" name="method" finished-at="2022-03-14T11:51:59Z" duration-ms="0" status="PASS">
          <params>
            <param index="0">
              <value>
                <![CDATA[public void TestCases.TS_02_OrangeHRM_Login_Credential_From_UI.TS_02_OrangeHRM_Login_FromTestScreen(java.util.Map) throws java.io.IOException]]>
              </value>
            </param>
          </params>
          <reporter-output>
          </reporter-output>
        </test-method> <!-- method -->
      </class> <!-- TestCases.TS_02_OrangeHRM_Login_Credential_From_UI -->
      <class name="TestCases.TS_01_OrangeHRM_Login_Random_Credential">
        <test-method is-config="true" signature="startReprt()[pri:0, instance:TestCases.TS_01_OrangeHRM_Login_Random_Credential@455b6df1]" started-at="2022-03-14T11:51:51Z" name="startReprt" finished-at="2022-03-14T11:51:52Z" duration-ms="306" status="PASS">
          <reporter-output>
          </reporter-output>
        </test-method> <!-- startReprt -->
        <test-method is-config="true" signature="f1()[pri:0, instance:TestCases.TS_01_OrangeHRM_Login_Random_Credential@455b6df1]" started-at="2022-03-14T11:51:53Z" name="f1" finished-at="2022-03-14T11:51:53Z" duration-ms="0" status="PASS">
          <reporter-output>
          </reporter-output>
        </test-method> <!-- f1 -->
        <test-method is-config="true" signature="method(java.lang.reflect.Method)[pri:0, instance:TestCases.TS_01_OrangeHRM_Login_Random_Credential@455b6df1]" started-at="2022-03-14T11:51:53Z" name="method" finished-at="2022-03-14T11:51:53Z" duration-ms="4" status="PASS">
          <params>
            <param index="0">
              <value>
                <![CDATA[public void TestCases.TS_01_OrangeHRM_Login_Random_Credential.TS_01_OrangeHRM_Login_Invalid_Credential(java.util.Map) throws java.io.IOException]]>
              </value>
            </param>
          </params>
          <reporter-output>
          </reporter-output>
        </test-method> <!-- method -->
        <test-method signature="TS_01_OrangeHRM_Login_Invalid_Credential(java.util.Map)[pri:0, instance:TestCases.TS_01_OrangeHRM_Login_Random_Credential@455b6df1]" started-at="2022-03-14T11:51:53Z" name="TS_01_OrangeHRM_Login_Invalid_Credential" data-provider="getData" finished-at="2022-03-14T11:51:59Z" duration-ms="6028" status="PASS">
          <params>
            <param index="0">
              <value>
                <![CDATA[{Add=EDINBURG, password=Password02, FirstName=AML controller, LastName=PRABIN, MidName =KAUR, TestCaseName=TS_01_OrangeHRM_Login_Invalid_Credential, ErrorMessage=Invalid credentials, userid=Controller, Add2=London}]]>
              </value>
            </param>
          </params>
          <reporter-output>
          </reporter-output>
        </test-method> <!-- TS_01_OrangeHRM_Login_Invalid_Credential -->
        <test-method is-config="true" signature="fn_Suit()[pri:0, instance:TestCases.TS_01_OrangeHRM_Login_Random_Credential@455b6df1]" started-at="2022-03-14T11:52:08Z" name="fn_Suit" finished-at="2022-03-14T11:52:09Z" duration-ms="711" status="PASS">
          <reporter-output>
          </reporter-output>
        </test-method> <!-- fn_Suit -->
      </class> <!-- TestCases.TS_01_OrangeHRM_Login_Random_Credential -->
    </test> <!-- Test -->
  </suite> <!-- Suite -->
</testng-results>
