<?xml version="1.0" encoding="UTF-8"?>
<testng-results ignored="0" total="1" passed="1" failed="0" skipped="0">
  <reporter-output>
  </reporter-output>
  <suite started-at="2022-03-11T18:54:06Z" name="Default suite" finished-at="2022-03-11T18:54:13Z" duration-ms="6715">
    <groups>
    </groups>
    <test started-at="2022-03-11T18:54:06Z" name="Default test" finished-at="2022-03-11T18:54:13Z" duration-ms="6715">
      <class name="TestCases.TS_01_OrangeHRM_Login_Random_Credential">
        <test-method is-config="true" signature="startReprt()[pri:0, instance:TestCases.TS_01_OrangeHRM_Login_Random_Credential@5454d35e]" started-at="2022-03-11T18:54:06Z" name="startReprt" finished-at="2022-03-11T18:54:06Z" duration-ms="280" status="PASS">
          <reporter-output>
          </reporter-output>
        </test-method> <!-- startReprt -->
        <test-method is-config="true" signature="f1()[pri:0, instance:TestCases.TS_01_OrangeHRM_Login_Random_Credential@5454d35e]" started-at="2022-03-11T18:54:07Z" name="f1" finished-at="2022-03-11T18:54:07Z" duration-ms="1" status="PASS">
          <reporter-output>
          </reporter-output>
        </test-method> <!-- f1 -->
        <test-method is-config="true" signature="method(java.lang.reflect.Method)[pri:0, instance:TestCases.TS_01_OrangeHRM_Login_Random_Credential@5454d35e]" started-at="2022-03-11T18:54:07Z" name="method" finished-at="2022-03-11T18:54:07Z" duration-ms="5" status="PASS">
          <params>
            <param index="0">
              <value>
                <![CDATA[public void TestCases.TS_01_OrangeHRM_Login_Random_Credential.TS_01_OrangeHRM_Login_Invalid_Credential(java.util.Map) throws java.io.IOException]]>
              </value>
            </param>
          </params>
          <reporter-output>
          </reporter-output>
        </test-method> <!-- method -->
        <test-method signature="TS_01_OrangeHRM_Login_Invalid_Credential(java.util.Map)[pri:0, instance:TestCases.TS_01_OrangeHRM_Login_Random_Credential@5454d35e]" started-at="2022-03-11T18:54:07Z" name="TS_01_OrangeHRM_Login_Invalid_Credential" data-provider="getData" finished-at="2022-03-11T18:54:13Z" duration-ms="5658" status="PASS">
          <params>
            <param index="0">
              <value>
                <![CDATA[{Add=EDINBURG, password=Password02, FirstName=AML controller, LastName=PRABIN, MidName =KAUR, TestCaseName=TS_01_OrangeHRM_Login_Invalid_Credential, ErrorMessage=Invalid credentials, userid=Controller, Add2=London}]]>
              </value>
            </param>
          </params>
          <reporter-output>
          </reporter-output>
        </test-method> <!-- TS_01_OrangeHRM_Login_Invalid_Credential -->
        <test-method is-config="true" signature="fn_Suit()[pri:0, instance:TestCases.TS_01_OrangeHRM_Login_Random_Credential@5454d35e]" started-at="2022-03-11T18:54:13Z" name="fn_Suit" finished-at="2022-03-11T18:54:13Z" duration-ms="785" status="PASS">
          <reporter-output>
          </reporter-output>
        </test-method> <!-- fn_Suit -->
      </class> <!-- TestCases.TS_01_OrangeHRM_Login_Random_Credential -->
    </test> <!-- Default test -->
  </suite> <!-- Default suite -->
</testng-results>
